<?xml version="1.0" encoding="UTF-8"?>
<!-- Generated by org.testng.reporters.JUnitXMLReporter -->
<testsuite hostname="Ranjiths-Mac.local" ignored="0" name="Test" tests="1" failures="1" timestamp="30 Sep 2018 17:34:35 GMT" time="265.92" errors="0">
  <testcase name="Sauce_Test" time="265.499" classname="demo.sauce.lab.SauceLab_Test">
    <failure type="org.openqa.selenium.UnsupportedCommandException" message="The test with session id 9d60c6b39b474cdfaf79e6d94267b8ae has already finished, and can&amp;apos;t receive further commands.
You can learn more at https://saucelabs.com/jobs/9d60c6b39b474cdfaf79e6d94267b8ae
For help, please check https://wiki.saucelabs.com/display/DOCS/Common+Error+Messages
Command duration or timeout: 255.61 seconds
Build info: version: &amp;apos;2.53.0&amp;apos;, revision: &amp;apos;35ae25b1534ae328c771e0856c93e187490ca824&amp;apos;, time: &amp;apos;2016-03-15 10:43:46&amp;apos;
System info: host: &amp;apos;Ranjiths-Mac.local&amp;apos;, ip: &amp;apos;192.168.37.128&amp;apos;, os.name: &amp;apos;Mac OS X&amp;apos;, os.arch: &amp;apos;x86_64&amp;apos;, os.version: &amp;apos;10.13.6&amp;apos;, java.version: &amp;apos;1.8.0_181&amp;apos;
Driver info: io.appium.java_client.ios.IOSDriver">
      <![CDATA[org.openqa.selenium.UnsupportedCommandException: The test with session id 9d60c6b39b474cdfaf79e6d94267b8ae has already finished, and can't receive further commands.
You can learn more at https://saucelabs.com/jobs/9d60c6b39b474cdfaf79e6d94267b8ae
For help, please check https://wiki.saucelabs.com/display/DOCS/Common+Error+Messages
Command duration or timeout: 255.61 seconds
Build info: version: '2.53.0', revision: '35ae25b1534ae328c771e0856c93e187490ca824', time: '2016-03-15 10:43:46'
System info: host: 'Ranjiths-Mac.local', ip: '192.168.37.128', os.name: 'Mac OS X', os.arch: 'x86_64', os.version: '10.13.6', java.version: '1.8.0_181'
Driver info: io.appium.java_client.ios.IOSDriver
	at org.openqa.selenium.remote.ErrorHandler.createThrowable(ErrorHandler.java:206)
	at org.openqa.selenium.remote.ErrorHandler.throwIfResponseFailed(ErrorHandler.java:158)
	at org.openqa.selenium.remote.RemoteWebDriver.execute(RemoteWebDriver.java:678)
	at io.appium.java_client.DefaultGenericMobileDriver.execute(DefaultGenericMobileDriver.java:40)
	at io.appium.java_client.AppiumDriver.execute(AppiumDriver.java:1)
	at io.appium.java_client.ios.IOSDriver.execute(IOSDriver.java:1)
	at org.openqa.selenium.remote.RemoteWebDriver.startSession(RemoteWebDriver.java:249)
	at org.openqa.selenium.remote.RemoteWebDriver.<init>(RemoteWebDriver.java:131)
	at org.openqa.selenium.remote.RemoteWebDriver.<init>(RemoteWebDriver.java:144)
	at io.appium.java_client.DefaultGenericMobileDriver.<init>(DefaultGenericMobileDriver.java:36)
	at io.appium.java_client.AppiumDriver.<init>(AppiumDriver.java:114)
	at io.appium.java_client.AppiumDriver.<init>(AppiumDriver.java:132)
	at io.appium.java_client.ios.IOSDriver.<init>(IOSDriver.java:77)
	at demo.sauce.lab.SauceLab_Test.Sauce_Test(SauceLab_Test.java:40)
... Removed 29 stack frames]]>
    </failure>
  </testcase> <!-- Sauce_Test -->
</testsuite> <!-- Test -->
